
  .   ____          _            __ _ _
 /\\ / ___'_ __ _ _(_)_ __  __ _ \ \ \ \
( ( )\___ | '_ | '_| | '_ \/ _` | \ \ \ \
 \\/  ___)| |_)| | | | | || (_| |  ) ) ) )
  '  |____| .__|_| |_|_| |_\__, | / / / /
 =========|_|==============|___/=/_/_/_/

 :: Spring Boot ::                (v3.3.4)

2025-11-01T19:06:38.659+08:00  INFO 4507 --- [core-banking-api] [           main] c.e.banking.CoreBankingApiApplication    : Starting CoreBankingApiApplication using Java 23.0.1 with PID 4507 (/Users/yapzukai/Documents/GitHub/julius-baer-side-quest/server/core-banking-api.jar started by yapzukai in /Users/yapzukai/Documents/GitHub/julius-baer-side-quest)
2025-11-01T19:06:38.661+08:00  INFO 4507 --- [core-banking-api] [           main] c.e.banking.CoreBankingApiApplication    : No active profile set, falling back to 1 default profile: "default"
2025-11-01T19:06:39.169+08:00  INFO 4507 --- [core-banking-api] [           main] o.s.b.w.embedded.tomcat.TomcatWebServer  : Tomcat initialized with port 8123 (http)
2025-11-01T19:06:39.177+08:00  INFO 4507 --- [core-banking-api] [           main] o.apache.catalina.core.StandardService   : Starting service [Tomcat]
2025-11-01T19:06:39.177+08:00  INFO 4507 --- [core-banking-api] [           main] o.apache.catalina.core.StandardEngine    : Starting Servlet engine: [Apache Tomcat/10.1.30]
2025-11-01T19:06:39.192+08:00  INFO 4507 --- [core-banking-api] [           main] o.a.c.c.C.[Tomcat].[localhost].[/]       : Initializing Spring embedded WebApplicationContext
2025-11-01T19:06:39.192+08:00  INFO 4507 --- [core-banking-api] [           main] w.s.c.ServletWebServerApplicationContext : Root WebApplicationContext: initialization completed in 506 ms
2025-11-01T19:06:39.439+08:00  INFO 4507 --- [core-banking-api] [           main] o.s.b.w.embedded.tomcat.TomcatWebServer  : Tomcat started on port 8123 (http) with context path '/'
2025-11-01T19:06:39.454+08:00  INFO 4507 --- [core-banking-api] [           main] c.e.banking.CoreBankingApiApplication    : Started CoreBankingApiApplication in 0.953 seconds (process running for 1.264)
2025-11-01T19:07:05.230+08:00  INFO 4507 --- [core-banking-api] [nio-8123-exec-1] o.a.c.c.C.[Tomcat].[localhost].[/]       : Initializing Spring DispatcherServlet 'dispatcherServlet'
2025-11-01T19:07:05.231+08:00  INFO 4507 --- [core-banking-api] [nio-8123-exec-1] o.s.web.servlet.DispatcherServlet        : Initializing Servlet 'dispatcherServlet'
2025-11-01T19:07:05.233+08:00  INFO 4507 --- [core-banking-api] [nio-8123-exec-1] o.s.web.servlet.DispatcherServlet        : Completed initialization in 2 ms
2025-11-01T19:08:23.748+08:00  INFO 4507 --- [core-banking-api] [nio-8123-exec-3] c.e.b.controller.TransferController      : Transaction 0c54fbcf-1100-41d0-b7e2-8782cef1bc70 – from ACC1000 to ACC1001 amount=50.00 status=SUCCESS authUsed=false
